<?xml version="1.0" encoding="UTF-8"?>
<!-- Generated by org.testng.reporters.JUnitXMLReporter -->
<testsuite ignored="0" hostname="DESKTOP-9EDDD90" failures="0" tests="3" name="Default test" time="99.347" errors="0" timestamp="2024-03-07T12:10:04 IST">
  <testcase classname="ParallelTesting.TestGuru99MutlipleSession" name="executSessionOne" time="71.754"/>
  <testcase classname="ParallelTesting.TestGuru99MutlipleSession" name="executSessionThree" time="9.499"/>
  <testcase classname="ParallelTesting.TestGuru99MutlipleSession" name="executeSessionTwo" time="18.05"/>
</testsuite> <!-- Default test -->
