<?xml version="1.0" encoding="UTF-8"?>
<testng-results ignored="0" total="3" passed="3" failed="0" skipped="0">
  <reporter-output>
  </reporter-output>
  <suite started-at="2024-03-07T12:08:24 IST" name="Default suite" finished-at="2024-03-07T12:10:04 IST" duration-ms="99347">
    <groups>
    </groups>
    <test started-at="2024-03-07T12:08:24 IST" name="Default test" finished-at="2024-03-07T12:10:04 IST" duration-ms="99347">
      <class name="ParallelTesting.TestGuru99MutlipleSession">
        <test-method signature="executSessionOne()[pri:0, instance:ParallelTesting.TestGuru99MutlipleSession@6069db50]" started-at="2024-03-07T12:08:24 IST" name="executSessionOne" finished-at="2024-03-07T12:09:36 IST" duration-ms="71754" status="PASS">
          <reporter-output>
          </reporter-output>
        </test-method> <!-- executSessionOne -->
        <test-method signature="executSessionThree()[pri:0, instance:ParallelTesting.TestGuru99MutlipleSession@6069db50]" started-at="2024-03-07T12:09:36 IST" name="executSessionThree" finished-at="2024-03-07T12:09:46 IST" duration-ms="9499" status="PASS">
          <reporter-output>
          </reporter-output>
        </test-method> <!-- executSessionThree -->
        <test-method signature="executeSessionTwo()[pri:0, instance:ParallelTesting.TestGuru99MutlipleSession@6069db50]" started-at="2024-03-07T12:09:46 IST" name="executeSessionTwo" finished-at="2024-03-07T12:10:04 IST" duration-ms="18050" status="PASS">
          <reporter-output>
          </reporter-output>
        </test-method> <!-- executeSessionTwo -->
      </class> <!-- ParallelTesting.TestGuru99MutlipleSession -->
    </test> <!-- Default test -->
  </suite> <!-- Default suite -->
</testng-results>
